2026-07-02 12:07:15 | INFO     | [orders.py:104] | Preparing Order Request -> {'symbol': 'BTCUSDT', 'side': 'BUY', 'type': 'MARKET', 'quantity': '0.01'}
2026-07-02 12:07:15 | INFO     | [client.py:166] | Placing order on Testnet: BUY 0.01 BTCUSDT @ MARKET
2026-07-02 12:07:15 | ERROR    | [cli.py:114] | Validation Failed: API Key is required for signed API calls. Please set BINANCE_API_KEY.
2026-07-02 12:35:54 | ERROR    | [cli.py:126] | Unexpected error occurred during order execution.
Traceback (most recent call last):
  File "C:\Users\ayush\appllication task\trading_bot\cli.py", line 98, in handle_order_execution
    display_request_summary(cl_symbol, cl_side, cl_type, cl_qty, cl_price, cl_stop_price)
    ~~~~~~~~~~~~~~~~~~~~~~~^^^^^^^^^^^^^^^^^^^^^^^^^^^^^^^^^^^^^^^^^^^^^^^^^^^^^^^^^^^^^^
  File "C:\Users\ayush\appllication task\trading_bot\cli.py", line 59, in display_request_summary
    console.print(table)
    ~~~~~~~~~~~~~^^^^^^^
  File "C:\Users\ayush\AppData\Roaming\Python\Python313\site-packages\rich\console.py", line 1697, in print
    with self:
         ^^^^
  File "C:\Users\ayush\AppData\Roaming\Python\Python313\site-packages\rich\console.py", line 870, in __exit__
    self._exit_buffer()
    ~~~~~~~~~~~~~~~~~^^
  File "C:\Users\ayush\AppData\Roaming\Python\Python313\site-packages\rich\console.py", line 826, in _exit_buffer
    self._check_buffer()
    ~~~~~~~~~~~~~~~~~~^^
  File "C:\Users\ayush\AppData\Roaming\Python\Python313\site-packages\rich\console.py", line 2042, in _check_buffer
    self._write_buffer()
    ~~~~~~~~~~~~~~~~~~^^
  File "C:\Users\ayush\AppData\Roaming\Python\Python313\site-packages\rich\console.py", line 2078, in _write_buffer
    legacy_windows_render(buffer, LegacyWindowsTerm(self.file))
    ~~~~~~~~~~~~~~~~~~~~~^^^^^^^^^^^^^^^^^^^^^^^^^^^^^^^^^^^^^^
  File "C:\Users\ayush\AppData\Roaming\Python\Python313\site-packages\rich\_windows_renderer.py", line 17, in legacy_windows_render
    term.write_styled(text, style)
    ~~~~~~~~~~~~~~~~~^^^^^^^^^^^^^
  File "C:\Users\ayush\AppData\Roaming\Python\Python313\site-packages\rich\_win32_console.py", line 441, in write_styled
    self.write_text(text)
    ~~~~~~~~~~~~~~~^^^^^^
  File "C:\Users\ayush\AppData\Roaming\Python\Python313\site-packages\rich\_win32_console.py", line 402, in write_text
    self.write(text)
    ~~~~~~~~~~^^^^^^
  File "C:\Python313\Lib\encodings\cp1252.py", line 19, in encode
    return codecs.charmap_encode(input,self.errors,encoding_table)[0]
           ~~~~~~~~~~~~~~~~~~~~~^^^^^^^^^^^^^^^^^^^^^^^^^^^^^^^^^^
UnicodeEncodeError: 'charmap' codec can't encode character '\U0001f4cb' in position 3: character maps to <undefined>
2026-07-02 12:37:07 | INFO     | [orders.py:104] | Preparing Order Request -> {'symbol': 'BTCUSDT', 'side': 'BUY', 'type': 'MARKET', 'quantity': '0.01'}
2026-07-02 12:37:07 | INFO     | [client.py:226] | Placing order on Testnet: BUY 0.01 BTCUSDT @ MARKET
2026-07-02 12:37:07 | INFO     | [client.py:102] | Notice: Running in Simulated Testnet Demo Mode (Placeholder API credentials detected in .env)
2026-07-02 12:37:07 | INFO     | [orders.py:112] | Order Execution Successful! Order ID: 9102860190 | Status: FILLED | Executed Qty: 0.01 | Avg Price: 65432.1
2026-07-02 12:38:04 | INFO     | [orders.py:104] | Preparing Order Request -> {'symbol': 'BTCUSDT', 'side': 'BUY', 'type': 'MARKET', 'quantity': '0.01'}
2026-07-02 12:38:04 | INFO     | [client.py:226] | Placing order on Testnet: BUY 0.01 BTCUSDT @ MARKET
2026-07-02 12:38:04 | INFO     | [client.py:102] | Notice: Running in Simulated Testnet Demo Mode (Placeholder API credentials detected in .env)
2026-07-02 12:38:04 | INFO     | [orders.py:112] | Order Execution Successful! Order ID: 6588845241 | Status: FILLED | Executed Qty: 0.01 | Avg Price: 65432.1
2026-07-02 12:39:29 | INFO     | [orders.py:104] | Preparing Order Request -> {'symbol': 'BTCUSDT', 'side': 'SELL', 'type': 'LIMIT', 'quantity': '0.05', 'price': '100000.0', 'timeInForce': 'GTC'}
2026-07-02 12:39:29 | INFO     | [client.py:226] | Placing order on Testnet: SELL 0.05 BTCUSDT @ LIMIT
2026-07-02 12:39:29 | INFO     | [client.py:102] | Notice: Running in Simulated Testnet Demo Mode (Placeholder API credentials detected in .env)
2026-07-02 12:39:29 | INFO     | [orders.py:112] | Order Execution Successful! Order ID: 8263979025 | Status: NEW | Executed Qty: 0.0 | Avg Price: 0.0
